<?xml version="1.0" encoding="UTF-8"?>
<!-- Generated by org.testng.reporters.JUnitReportReporter -->
<testsuite hostname="DESKTOP-CRS7O4T" failures="0" tests="3" name="NaomiPackage.Testng" time="0.043" errors="0" timestamp="2024-12-08T16:05:33 WAT" skipped="0">
  <testcase classname="NaomiPackage.Testng" name="openapp" time="0.022"/>
  <testcase classname="NaomiPackage.Testng" name="login" time="0.009"/>
  <testcase classname="NaomiPackage.Testng" name="logout" time="0.012"/>
</testsuite> <!-- NaomiPackage.Testng -->
