<?xml version="1.0" encoding="UTF-8"?>
<!-- Generated by org.testng.reporters.JUnitReportReporter -->
<testsuite hostname="DESKTOP-CRS7O4T" failures="0" tests="2" name="TestCasePackage.AnnotationDemo" time="0.023" errors="0" timestamp="2024-12-13T21:09:16 WAT" skipped="0">
  <testcase classname="TestCasePackage.AnnotationDemo" name="Search" time="0.015"/>
  <testcase classname="TestCasePackage.AnnotationDemo" name="AdvancedSearch" time="0.008"/>
</testsuite> <!-- TestCasePackage.AnnotationDemo -->
