<?xml version="1.0" encoding="UTF-8"?>
<!-- Generated by org.testng.reporters.JUnitReportReporter -->
<testsuite hostname="DESKTOP-CRS7O4T" failures="0" tests="4" name="TestCasePackage.MyFirstTest" time="11.459" errors="0" timestamp="2024-12-14T12:27:31 WAT" skipped="0">
  <testcase classname="TestCasePackage.MyFirstTest" name="openApp" time="7.739"/>
  <testcase classname="TestCasePackage.MyFirstTest" name="testlogo" time="3.109"/>
  <testcase classname="TestCasePackage.MyFirstTest" name="login" time="0.313"/>
  <testcase classname="TestCasePackage.MyFirstTest" name="closeApp" time="0.298"/>
</testsuite> <!-- TestCasePackage.MyFirstTest -->
